[    0.000000] Linux version 4.15.0-132-generic (buildd@lgw01-amd64-036) (gcc version 7.5.0 (Ubuntu 7.5.0-3ubuntu1~18.04)) #136-Ubuntu SMP Tue Jan 12 14:58:42 UTC 2021 (Ubuntu 4.15.0-132.136-generic 4.15.18)
[    0.000000] Command line: BOOT_IMAGE=/boot/vmlinuz-4.15.0-132-generic root=LABEL=cloudimg-rootfs ro console=tty1 console=ttyS0
[    0.000000] KERNEL supported cpus:
[    0.000000]   Intel GenuineIntel
[    0.000000]   AMD AuthenticAMD
[    0.000000]   Centaur CentaurHauls
[    0.000000] x86/fpu: x87 FPU will use FXSAVE
[    0.000000] e820: BIOS-provided physical RAM map:
[    0.000000] BIOS-e820: [mem 0x0000000000000000-0x000000000009fbff] usable
[    0.000000] BIOS-e820: [mem 0x000000000009fc00-0x000000000009ffff] reserved
[    0.000000] BIOS-e820: [mem 0x00000000000f0000-0x00000000000fffff] reserved
[    0.000000] BIOS-e820: [mem 0x0000000000100000-0x000000003ffeffff] usable
[    0.000000] BIOS-e820: [mem 0x000000003fff0000-0x000000003fffffff] ACPI data
[    0.000000] BIOS-e820: [mem 0x00000000fec00000-0x00000000fec00fff] reserved
[    0.000000] BIOS-e820: [mem 0x00000000fee00000-0x00000000fee00fff] reserved
[    0.000000] BIOS-e820: [mem 0x00000000fffc0000-0x00000000ffffffff] reserved
[    0.000000] NX (Execute Disable) protection: active
[    0.000000] SMBIOS 2.5 present.
[    0.000000] DMI: innotek GmbH VirtualBox/VirtualBox, BIOS VirtualBox 12/01/2006
[    0.000000] Hypervisor detected: KVM
[    0.000000] e820: last_pfn = 0x3fff0 max_arch_pfn = 0x400000000
[    0.000000] MTRR: Disabled
[    0.000000] x86/PAT: MTRRs disabled, skipping PAT initialization too.
[    0.000000] CPU MTRRs all blank - virtualized system.
[    0.000000] x86/PAT: Configuration [0-7]: WB  WT  UC- UC  WB  WT  UC- UC  
[    0.000000] found SMP MP-table at [mem 0x0009fff0-0x0009ffff]
[    0.000000] Scanning 1 areas for low memory corruption
[    0.000000] RAMDISK: [mem 0x35a65000-0x36d29fff]
[    0.000000] ACPI: Early table checksum verification disabled
[    0.000000] ACPI: RSDP 0x00000000000E0000 000024 (v02 VBOX  )
[    0.000000] ACPI: XSDT 0x000000003FFF0030 00003C (v01 VBOX   VBOXXSDT 00000001 ASL  00000061)
[    0.000000] ACPI: FACP 0x000000003FFF00F0 0000F4 (v04 VBOX   VBOXFACP 00000001 ASL  00000061)
[    0.000000] ACPI: DSDT 0x000000003FFF0470 002325 (v02 VBOX   VBOXBIOS 00000002 INTL 20100528)
[    0.000000] ACPI: FACS 0x000000003FFF0200 000040
[    0.000000] ACPI: FACS 0x000000003FFF0200 000040
[    0.000000] ACPI: APIC 0x000000003FFF0240 00005C (v02 VBOX   VBOXAPIC 00000001 ASL  00000061)
[    0.000000] ACPI: SSDT 0x000000003FFF02A0 0001CC (v01 VBOX   VBOXCPUT 00000002 INTL 20100528)
[    0.000000] No NUMA configuration found
[    0.000000] Faking a node at [mem 0x0000000000000000-0x000000003ffeffff]
[    0.000000] NODE_DATA(0) allocated [mem 0x3ffc5000-0x3ffeffff]
[    0.000000] kvm-clock: cpu 0, msr 0:3ff44001, primary cpu clock
[    0.000000] kvm-clock: Using msrs 4b564d01 and 4b564d00
[    0.000000] kvm-clock: using sched offset of 7468252801 cycles
[    0.000000] clocksource: kvm-clock: mask: 0xffffffffffffffff max_cycles: 0x1cd42e4dffb, max_idle_ns: 881590591483 ns
[    0.000000] Zone ranges:
[    0.000000]   DMA      [mem 0x0000000000001000-0x0000000000ffffff]
[    0.000000]   DMA32    [mem 0x0000000001000000-0x000000003ffeffff]
[    0.000000]   Normal   empty
[    0.000000]   Device   empty
[    0.000000] Movable zone start for each node
[    0.000000] Early memory node ranges
[    0.000000]   node   0: [mem 0x0000000000001000-0x000000000009efff]
[    0.000000]   node   0: [mem 0x0000000000100000-0x000000003ffeffff]
[    0.000000] Reserved but unavailable: 98 pages
[    0.000000] Initmem setup node 0 [mem 0x0000000000001000-0x000000003ffeffff]
[    0.000000] ACPI: PM-Timer IO Port: 0x4008
[    0.000000] IOAPIC[0]: apic_id 2, version 32, address 0xfec00000, GSI 0-23
[    0.000000] ACPI: INT_SRC_OVR (bus 0 bus_irq 0 global_irq 2 dfl dfl)
[    0.000000] ACPI: INT_SRC_OVR (bus 0 bus_irq 9 global_irq 9 low level)
[    0.000000] Using ACPI (MADT) for SMP configuration information
[    0.000000] smpboot: Allowing 2 CPUs, 0 hotplug CPUs
[    0.000000] PM: Registered nosave memory: [mem 0x00000000-0x00000fff]
[    0.000000] PM: Registered nosave memory: [mem 0x0009f000-0x0009ffff]
[    0.000000] PM: Registered nosave memory: [mem 0x000a0000-0x000effff]
[    0.000000] PM: Registered nosave memory: [mem 0x000f0000-0x000fffff]
[    0.000000] e820: [mem 0x40000000-0xfebfffff] available for PCI devices
[    0.000000] Booting paravirtualized kernel on KVM
[    0.000000] clocksource: refined-jiffies: mask: 0xffffffff max_cycles: 0xffffffff, max_idle_ns: 7645519600211568 ns
[    0.000000] random: get_random_bytes called from start_kernel+0x99/0x500 with crng_init=0
[    0.000000] setup_percpu: NR_CPUS:8192 nr_cpumask_bits:2 nr_cpu_ids:2 nr_node_ids:1
[    0.000000] percpu: Embedded 45 pages/cpu s147456 r8192 d28672 u1048576
[    0.000000] PV qspinlock hash table entries: 256 (order: 0, 4096 bytes)
[    0.000000] Built 1 zonelists, mobility grouping on.  Total pages: 257913
[    0.000000] Policy zone: DMA32
[    0.000000] Kernel command line: BOOT_IMAGE=/boot/vmlinuz-4.15.0-132-generic root=LABEL=cloudimg-rootfs ro console=tty1 console=ttyS0
[    0.000000] Memory: 983024K/1048120K available (12300K kernel code, 2482K rwdata, 4276K rodata, 2440K init, 2724K bss, 65096K reserved, 0K cma-reserved)
[    0.000000] SLUB: HWalign=64, Order=0-3, MinObjects=0, CPUs=2, Nodes=1
[    0.000000] Kernel/User page tables isolation: enabled
[    0.000000] ftrace: allocating 39421 entries in 154 pages
[    0.004000] Hierarchical RCU implementation.
[    0.004000] 	RCU restricting CPUs from NR_CPUS=8192 to nr_cpu_ids=2.
[    0.004000] 	Tasks RCU enabled.
[    0.004000] RCU: Adjusting geometry for rcu_fanout_leaf=16, nr_cpu_ids=2
[    0.004000] NR_IRQS: 524544, nr_irqs: 440, preallocated irqs: 16
[    0.004000] Console: colour VGA+ 80x25
[    0.004000] console [tty1] enabled
[    0.004000] console [ttyS0] enabled
[    0.004000] ACPI: Core revision 20170831
[    0.004000] ACPI: 2 ACPI AML tables successfully acquired and loaded
[    0.004000] APIC: Switch to symmetric I/O mode setup
[    0.008000] ..TIMER: vector=0x30 apic1=0 pin1=2 apic2=-1 pin2=-1
[    0.008010] tsc: Detected 2807.998 MHz processor
[    0.012033] Calibrating delay loop (skipped) preset value.. 5615.99 BogoMIPS (lpj=11231992)
[    0.016011] pid_max: default: 32768 minimum: 301
[    0.020182] Security Framework initialized
[    0.024003] Yama: becoming mindful.
[    0.028096] AppArmor: AppArmor initialized
[    0.044267] Dentry cache hash table entries: 131072 (order: 8, 1048576 bytes)
[    0.056606] Inode-cache hash table entries: 65536 (order: 7, 524288 bytes)
[    0.060242] Mount-cache hash table entries: 2048 (order: 2, 16384 bytes)
[    0.064077] Mountpoint-cache hash table entries: 2048 (order: 2, 16384 bytes)
[    0.072246] Last level iTLB entries: 4KB 64, 2MB 8, 4MB 8
[    0.076008] Last level dTLB entries: 4KB 64, 2MB 0, 4MB 0, 1GB 4
[    0.080012] Spectre V1 : Mitigation: usercopy/swapgs barriers and __user pointer sanitization
[    0.084005] Spectre V2 : Mitigation: Full generic retpoline
[    0.088009] Spectre V2 : Spectre v2 / SpectreRSB mitigation: Filling RSB on context switch
[    0.092004] Speculative Store Bypass: Vulnerable
[    0.096075] MDS: Mitigation: Clear CPU buffers
[    0.100297] Freeing SMP alternatives memory: 36K
[    0.223089] APIC calibration not consistent with PM-Timer: 102ms instead of 100ms
[    0.224000] APIC delta adjusted to PM-Timer: 6287733 (6431492)
[    0.225167] smpboot: CPU0: Intel(R) Core(TM) i7-6600U CPU @ 2.60GHz (family: 0x6, model: 0x4e, stepping: 0x3)
[    0.228932] Performance Events: unsupported p6 CPU model 78 no PMU driver, software events only.
[    0.232115] Hierarchical SRCU implementation.
[    0.240462] NMI watchdog: Perf event create on CPU 0 failed with -2
[    0.244265] NMI watchdog: Perf NMI watchdog permanently disabled
[    0.248845] smp: Bringing up secondary CPUs ...
[    0.257623] x86: Booting SMP configuration:
[    0.260010] .... node  #0, CPUs:      #1
[    0.004000] kvm-clock: cpu 1, msr 0:3ff44041, secondary cpu clock
[    0.279216] TSC synchronization [CPU#0 -> CPU#1]:
[    0.280000] Measured 166227 cycles TSC warp between CPUs, turning off TSC clock.
[    0.280000] tsc: Marking TSC unstable due to check_tsc_sync_source failed
[    0.288447] smp: Brought up 1 node, 2 CPUs
[    0.292006] smpboot: Max logical packages: 1
[    0.296011] smpboot: Total of 2 processors activated (11231.99 BogoMIPS)
[    0.304215] devtmpfs: initialized
[    0.308150] x86/mm: Memory block size: 128MB
[    0.312853] evm: security.selinux
[    0.316009] evm: security.SMACK64
[    0.320006] evm: security.SMACK64EXEC
[    0.324006] evm: security.SMACK64TRANSMUTE
[    0.328006] evm: security.SMACK64MMAP
[    0.332004] evm: security.apparmor
[    0.336004] evm: security.ima
[    0.340004] evm: security.capability
[    0.345216] clocksource: jiffies: mask: 0xffffffff max_cycles: 0xffffffff, max_idle_ns: 7645041785100000 ns
[    0.348158] futex hash table entries: 512 (order: 3, 32768 bytes)
[    0.352636] pinctrl core: initialized pinctrl subsystem
[    0.360997] RTC time:  9:45:28, date: 01/22/21
[    0.368635] NET: Registered protocol family 16
[    0.372151] audit: initializing netlink subsys (disabled)
[    0.376589] audit: type=2000 audit(1611308736.923:1): state=initialized audit_enabled=0 res=1
[    0.396014] cpuidle: using governor ladder
[    0.400024] cpuidle: using governor menu
[    0.404093] ACPI: bus type PCI registered
[    0.408009] acpiphp: ACPI Hot Plug PCI Controller Driver version: 0.5
[    0.417145] PCI: Using configuration type 1 for base access
[    0.432530] HugeTLB registered 2.00 MiB page size, pre-allocated 0 pages
[    0.448721] ACPI: Added _OSI(Module Device)
[    0.452007] ACPI: Added _OSI(Processor Device)
[    0.456007] ACPI: Added _OSI(3.0 _SCP Extensions)
[    0.460011] ACPI: Added _OSI(Processor Aggregator Device)
[    0.464010] ACPI: Added _OSI(Linux-Dell-Video)
[    0.468009] ACPI: Added _OSI(Linux-Lenovo-NV-HDMI-Audio)
[    0.472009] ACPI: Added _OSI(Linux-HPI-Hybrid-Graphics)
[    0.476898] ACPI: Executed 1 blocks of module-level executable AML code
[    0.494820] ACPI: Interpreter enabled
[    0.496037] ACPI: (supports S0 S5)
[    0.500008] ACPI: Using IOAPIC for interrupt routing
[    0.504994] PCI: Using host bridge windows from ACPI; if necessary, use "pci=nocrs" and report a bug
[    0.508423] ACPI: Enabled 2 GPEs in block 00 to 07
[    0.540040] ACPI: PCI Root Bridge [PCI0] (domain 0000 [bus 00-ff])
[    0.544017] acpi PNP0A03:00: _OSC: OS supports [ASPM ClockPM Segments MSI]
[    0.550105] acpi PNP0A03:00: _OSC: not requesting OS control; OS requires [ExtendedConfig ASPM ClockPM MSI]
[    0.552030] acpi PNP0A03:00: fail to add MMCONFIG information, can't access extended PCI configuration space under this bridge.
[    0.557754] PCI host bridge to bus 0000:00
[    0.560011] pci_bus 0000:00: root bus resource [io  0x0000-0x0cf7 window]
[    0.564021] pci_bus 0000:00: root bus resource [io  0x0d00-0xffff window]
[    0.568019] pci_bus 0000:00: root bus resource [mem 0x000a0000-0x000bffff window]
[    0.572014] pci_bus 0000:00: root bus resource [mem 0x40000000-0xfdffffff window]
[    0.576013] pci_bus 0000:00: root bus resource [bus 00-ff]
[    0.593569] pci 0000:00:01.1: legacy IDE quirk: reg 0x10: [io  0x01f0-0x01f7]
[    0.596012] pci 0000:00:01.1: legacy IDE quirk: reg 0x14: [io  0x03f6]
[    0.600010] pci 0000:00:01.1: legacy IDE quirk: reg 0x18: [io  0x0170-0x0177]
[    0.604007] pci 0000:00:01.1: legacy IDE quirk: reg 0x1c: [io  0x0376]
[    0.684429] pci 0000:00:07.0: quirk: [io  0x4000-0x403f] claimed by PIIX4 ACPI
[    0.688078] pci 0000:00:07.0: quirk: [io  0x4100-0x410f] claimed by PIIX4 SMB
[    0.713759] ACPI: PCI Interrupt Link [LNKA] (IRQs 5 9 10 *11)
[    0.720291] ACPI: PCI Interrupt Link [LNKB] (IRQs 5 9 *10 11)
[    0.728296] ACPI: PCI Interrupt Link [LNKC] (IRQs 5 *9 10 11)
[    0.736155] ACPI: PCI Interrupt Link [LNKD] (IRQs 5 9 10 *11)
[    0.745800] SCSI subsystem initialized
[    0.748354] pci 0000:00:02.0: vgaarb: setting as boot VGA device
[    0.752000] pci 0000:00:02.0: vgaarb: VGA device added: decodes=io+mem,owns=io+mem,locks=none
[    0.752012] pci 0000:00:02.0: vgaarb: bridge control possible
[    0.756008] vgaarb: loaded
[    0.760104] ACPI: bus type USB registered
[    0.764148] usbcore: registered new interface driver usbfs
[    0.772056] usbcore: registered new interface driver hub
[    0.776404] usbcore: registered new device driver usb
[    0.781150] EDAC MC: Ver: 3.0.0
[    0.788891] PCI: Using ACPI for IRQ routing
[    0.796638] NetLabel: Initializing
[    0.800003] NetLabel:  domain hash size = 128
[    0.804006] NetLabel:  protocols = UNLABELED CIPSOv4 CALIPSO
[    0.808044] NetLabel:  unlabeled traffic allowed by default
[    0.816222] clocksource: Switched to clocksource kvm-clock
[    0.959337] VFS: Disk quotas dquot_6.6.0
[    0.968380] VFS: Dquot-cache hash table entries: 512 (order 0, 4096 bytes)
[    0.981893] AppArmor: AppArmor Filesystem Enabled
[    0.991466] pnp: PnP ACPI init
[    0.995359] pnp: PnP ACPI: found 3 devices
[    1.119747] clocksource: acpi_pm: mask: 0xffffff max_cycles: 0xffffff, max_idle_ns: 2085701024 ns
[    1.121011] NET: Registered protocol family 2
[    1.142692] TCP established hash table entries: 8192 (order: 4, 65536 bytes)
[    1.159441] TCP bind hash table entries: 8192 (order: 5, 131072 bytes)
[    1.175057] TCP: Hash tables configured (established 8192 bind 8192)
[    1.196895] UDP hash table entries: 512 (order: 2, 16384 bytes)
[    1.209429] UDP-Lite hash table entries: 512 (order: 2, 16384 bytes)
[    1.222279] NET: Registered protocol family 1
[    1.231740] pci 0000:00:00.0: Limiting direct PCI/PCI transfers
[    1.242748] pci 0000:00:01.0: Activating ISA DMA hang workarounds
[    1.253774] pci 0000:00:02.0: Video device with shadowed ROM at [mem 0x000c0000-0x000dffff]
[    1.269284] Unpacking initramfs...
[    2.764320] Freeing initrd memory: 19220K
[    2.773902] clocksource: tsc: mask: 0xffffffffffffffff max_cycles: 0x2879c456dd4, max_idle_ns: 440795285767 ns
[    2.796909] platform rtc_cmos: registered platform RTC device (no PNP device found)
[    2.813862] Scanning for low memory corruption every 60 seconds
[    2.831795] Initialise system trusted keyrings
[    2.843919] Key type blacklist registered
[    2.854443] workingset: timestamp_bits=36 max_order=18 bucket_order=0
[    2.873139] zbud: loaded
[    2.881623] squashfs: version 4.0 (2009/01/31) Phillip Lougher
[    2.893053] fuse init (API version 7.26)
[    2.950935] Key type asymmetric registered
[    2.959147] Asymmetric key parser 'x509' registered
[    2.967360] Block layer SCSI generic (bsg) driver version 0.4 loaded (major 246)
[    2.979295] io scheduler noop registered
[    2.987247] io scheduler deadline registered
[    2.995504] io scheduler cfq registered (default)
[    3.005216] ACPI: AC Adapter [AC] (off-line)
[    3.011068] input: Power Button as /devices/LNXSYSTM:00/LNXPWRBN:00/input/input0
[    3.023612] ACPI: Power Button [PWRF]
[    3.030120] input: Sleep Button as /devices/LNXSYSTM:00/LNXSLPBN:00/input/input1
[    3.040451] ACPI: Sleep Button [SLPF]
[    3.047983] ACPI: Battery Slot [BAT0] (battery present)
[    3.057256] Serial: 8250/16550 driver, 32 ports, IRQ sharing enabled
[    3.130660] 00:02: ttyS0 at I/O 0x3f8 (irq = 4, base_baud = 115200) is a 16550A
[    3.170549] Linux agpgart interface v0.103
[    3.206859] loop: module loaded
[    3.222123] scsi host0: ata_piix
[    3.234142] scsi host1: ata_piix
[    3.242557] ata1: PATA max UDMA/33 cmd 0x1f0 ctl 0x3f6 bmdma 0xd000 irq 14
[    3.258216] ata2: PATA max UDMA/33 cmd 0x170 ctl 0x376 bmdma 0xd008 irq 15
[    3.271152] libphy: Fixed MDIO Bus: probed
[    3.280565] tun: Universal TUN/TAP device driver, 1.6
[    3.295215] PPP generic driver version 2.4.2
[    3.306364] ehci_hcd: USB 2.0 'Enhanced' Host Controller (EHCI) Driver
[    3.322849] ehci-pci: EHCI PCI platform driver
[    3.335691] ehci-platform: EHCI generic platform driver
[    3.351562] ohci_hcd: USB 1.1 'Open' Host Controller (OHCI) Driver
[    3.367667] ohci-pci: OHCI PCI platform driver
[    3.378106] ohci-platform: OHCI generic platform driver
[    3.388209] uhci_hcd: USB Universal Host Controller Interface driver
[    3.396454] i8042: PNP: PS/2 Controller [PNP0303:PS2K,PNP0f03:PS2M] at 0x60,0x64 irq 1,12
[    3.414961] serio: i8042 KBD port at 0x60,0x64 irq 1
[    3.426836] serio: i8042 AUX port at 0x60,0x64 irq 12
[    3.493439] mousedev: PS/2 mouse device common for all mice
[    3.513007] rtc_cmos rtc_cmos: rtc core: registered rtc_cmos as rtc0
[    3.530721] rtc_cmos rtc_cmos: alarms up to one day, 114 bytes nvram
[    3.547154] i2c /dev entries driver
[    3.556245] device-mapper: uevent: version 1.0.3
[    3.567989] device-mapper: ioctl: 4.37.0-ioctl (2017-09-20) initialised: dm-devel@redhat.com
[    3.588939] ledtrig-cpu: registered to indicate activity on CPUs
[    3.603962] input: AT Translated Set 2 keyboard as /devices/platform/i8042/serio0/input/input2
[    3.622605] NET: Registered protocol family 10
[    3.663575] Segment Routing with IPv6
[    3.674212] NET: Registered protocol family 17
[    3.687910] Key type dns_resolver registered
[    3.698468] mce: Using 0 MCE banks
[    3.706070] RAS: Correctable Errors collector initialized.
[    3.717896] sched_clock: Marking stable (3717840583, 0)->(6127020013, -2409179430)
[    3.743943] registered taskstats version 1
[    3.755549] Loading compiled-in X.509 certificates
[    3.783344] Loaded X.509 cert 'Build time autogenerated kernel key: a98b2ffd047997e948f693688a19fea0dd669537'
[    3.802755] zswap: loaded using pool lzo/zbud
[    3.839797] Key type big_key registered
[    3.848537] Key type trusted registered
[    3.865027] Key type encrypted registered
[    3.874105] AppArmor: AppArmor sha1 policy hashing enabled
[    3.886384] ima: No TPM chip found, activating TPM-bypass! (rc=-19)
[    3.898312] ima: Allocated hash algorithm: sha1
[    3.909205] evm: HMAC attrs: 0x1
[    3.919309]   Magic number: 5:810:778
[    3.930449] rtc_cmos rtc_cmos: setting system clock to 2021-01-22 09:45:32 UTC (1611308732)
[    3.947368] BIOS EDD facility v0.16 2004-Jun-25, 0 devices found
[    3.959952] EDD information not available.
[    3.977738] Freeing unused kernel image memory: 2440K
[    4.004861] Write protecting the kernel read-only data: 20480k
[    4.031173] Freeing unused kernel image memory: 2008K
[    4.041940] Freeing unused kernel image memory: 1868K
[    4.062204] x86/mm: Checked W+X mappings: passed, no W+X pages found.
[    4.073505] x86/mm: Checking user space page tables
[    4.091989] x86/mm: Checked W+X mappings: passed, no W+X pages found.
Loading, please wait...
starting version 237
[    4.302265] Fusion MPT base driver 3.04.20
[    4.313949] Copyright (c) 1999-2008 LSI Corporation
[    4.339044] e1000: Intel(R) PRO/1000 Network Driver - version 7.3.21-k8-NAPI
[    4.357379] e1000: Copyright (c) 1999-2006 Intel Corporation.
[    4.398711] Fusion MPT SPI Host driver 3.04.20
[    4.434451] mptbase: ioc0: Initiating bringup
[    4.584060] ioc0: LSI53C1030 A0: Capabilities={Initiator}
[    4.679152] input: ImExPS/2 Generic Explorer Mouse as /devices/platform/i8042/serio1/input/input4
[    4.941526] scsi host2: ioc0: LSI53C1030 A0, FwRev=00000000h, Ports=1, MaxQ=256, IRQ=20
[    5.140768] scsi 2:0:0:0: Direct-Access     VBOX     HARDDISK         1.0  PQ: 0 ANSI: 5
[    5.209893] scsi target2:0:0: Beginning Domain Validation
[    5.244858] scsi target2:0:0: Domain Validation skipping write tests
[    5.252775] scsi target2:0:0: Ending Domain Validation
[    5.260417] scsi target2:0:0: asynchronous
[    5.266323] random: fast init done
[    5.276880] scsi 2:0:1:0: Direct-Access     VBOX     HARDDISK         1.0  PQ: 0 ANSI: 5
[    5.548590] scsi target2:0:1: Beginning Domain Validation
[    5.617431] scsi target2:0:1: Domain Validation skipping write tests
[    5.629351] scsi target2:0:1: Ending Domain Validation
[    5.642393] scsi target2:0:1: asynchronous
[    5.715604] sd 2:0:0:0: [sda] 83886080 512-byte logical blocks: (42.9 GB/40.0 GiB)
[    5.727600] random: systemd-udevd: uninitialized urandom read (16 bytes read)
[    5.731768] sd 2:0:0:0: Attached scsi generic sg0 type 0
[    5.761803] sd 2:0:0:0: [sda] Write Protect is off
[    5.770910] random: systemd-udevd: uninitialized urandom read (16 bytes read)
[    5.785911] random: systemd-udevd: uninitialized urandom read (16 bytes read)
[    5.787997] sd 2:0:1:0: [sdb] 20480 512-byte logical blocks: (10.5 MB/10.0 MiB)
[    5.820131] sd 2:0:1:0: Attached scsi generic sg1 type 0
[    5.835211] sd 2:0:1:0: [sdb] Write Protect is off
[    5.849309] sd 2:0:0:0: [sda] Incomplete mode parameter data
[    5.865369] sd 2:0:0:0: [sda] Assuming drive cache: write through
[    5.878416] sd 2:0:1:0: [sdb] Incomplete mode parameter data
[    5.888671] sd 2:0:1:0: [sdb] Assuming drive cache: write through
[    5.915468]  sda: sda1
[    5.934729] sd 2:0:0:0: [sda] Attached SCSI disk
[    5.945741] sd 2:0:1:0: [sdb] Attached SCSI disk
[    6.707801] e1000 0000:00:03.0 eth0: (PCI:33MHz:32-bit) 02:1d:a1:81:8c:fd
[    6.722710] e1000 0000:00:03.0 eth0: Intel(R) PRO/1000 Network Connection
[    7.938030] e1000 0000:00:08.0 eth1: (PCI:33MHz:32-bit) 08:00:27:15:9c:a2
[    7.954419] e1000 0000:00:08.0 eth1: Intel(R) PRO/1000 Network Connection
[    7.979498] e1000 0000:00:03.0 enp0s3: renamed from eth0
[    8.004801] e1000 0000:00:08.0 enp0s8: renamed from eth1
[  411.855756] INFO: rcu_sched self-detected stall on CPU
[  411.855738] INFO: rcu_sched self-detected stall on CPU
[  411.862759] 	1-...!: (1 GPs behind) idle=7ea/140000000000001/0 softirq=1176/1177 fqs=0 
[  411.862761] 	 (t=100952 jiffies g=-11 c=-12 q=71)
[  411.872084] 	0-...!: (1 ticks this GP) idle=6ba/1/0 softirq=784/784 fqs=0 
[  411.881937] rcu_sched kthread starved for 100952 jiffies! g18446744073709551605 c18446744073709551604 f0x0 RCU_GP_WAIT_FQS(3) ->state=0x402 ->cpu=0
[  411.888435] 	 (t=100952 jiffies g=-11 c=-12 q=71)
[  411.896791] rcu_sched       I    0     8      2 0x80000000
[  411.920136] rcu_sched kthread starved for 100952 jiffies! g18446744073709551605 c18446744073709551604 f0x0 RCU_GP_WAIT_FQS(3) ->state=0x402 ->cpu=0
[  411.930766] Call Trace:
[  411.938562] rcu_sched       I    0     8      2 0x80000000
[  411.953375]  __schedule+0x24e/0x880
[  411.957984] Call Trace:
[  411.964889]  schedule+0x2c/0x80
[  411.969518]  __schedule+0x24e/0x880
[  411.974626]  schedule_timeout+0x15d/0x370
[  411.978696]  schedule+0x2c/0x80
[  411.982511]  ? __next_timer_interrupt+0xe0/0xe0
[  411.988448]  schedule_timeout+0x15d/0x370
[  411.992243]  rcu_gp_kthread+0x53a/0x980
[  411.997962]  ? __next_timer_interrupt+0xe0/0xe0
[  412.003445]  kthread+0x121/0x140
[  412.009367]  rcu_gp_kthread+0x53a/0x980
[  412.015005]  ? rcu_note_context_switch+0x150/0x150
[  412.019230]  kthread+0x121/0x140
[  412.024982]  ? kthread_create_worker_on_cpu+0x70/0x70
[  412.031182]  ? rcu_note_context_switch+0x150/0x150
[  412.037751]  ret_from_fork+0x35/0x40
[  412.045583]  ? kthread_create_worker_on_cpu+0x70/0x70
[  412.053176] Sending NMI from CPU 1 to CPUs 0:
[  412.059386]  ret_from_fork+0x35/0x40
[  412.067497] NMI backtrace for cpu 0
[  412.067499] CPU: 0 PID: 0 Comm: swapper/0 Not tainted 4.15.0-132-generic #136-Ubuntu
[  412.067499] Hardware name: innotek GmbH VirtualBox/VirtualBox, BIOS VirtualBox 12/01/2006
[  412.067500] RIP: 0010:io_serial_out+0x1a/0x20
[  412.067501] RSP: 0018:ffff932affc03af8 EFLAGS: 00010002
[  412.067502] RAX: 000000000000005b RBX: ffffffff9110de80 RCX: 0000000000000000
[  412.067502] RDX: 00000000000003f8 RSI: 0000000000000000 RDI: ffffffff9110de80
[  412.067503] RBP: ffff932affc03af8 R08: 0000000000000000 R09: 0000000000000007
[  412.067504] R10: 0000000000000000 R11: ffffffff90f6180d R12: 000000000000005b
[  412.067504] R13: ffffffff90f61831 R14: ffffffff90f61801 R15: ffffffff9110de80
[  412.067505] FS:  0000000000000000(0000) GS:ffff932affc00000(0000) knlGS:0000000000000000
[  412.067506] CS:  0010 DS: 0000 ES: 0000 CR0: 0000000080050033
[  412.067506] CR2: 00007ffdc228dff8 CR3: 000000001a80a002 CR4: 00000000000206f0
[  412.067507] Call Trace:
[  412.067507]  <IRQ>
[  412.067507]  serial8250_console_putchar+0x2d/0x40
[  412.067508]  ? wait_for_xmitr+0xb0/0xb0
[  412.067508]  uart_console_write+0x4c/0x60
[  412.067509]  serial8250_console_write+0x10a/0x2b0
[  412.067509]  ? msg_print_text+0x80/0x100
[  412.067512]  univ8250_console_write+0x21/0x30
[  412.067513]  console_unlock+0x3cf/0x560
[  412.067513]  vprintk_emit+0x134/0x2c0
[  412.067513]  ? ret_from_fork+0x35/0x40
[  412.067514]  vprintk_default+0x29/0x50
[  412.067514]  vprintk_func+0x47/0xc0
[  412.067515]  printk+0x52/0x6e
[  412.067515]  ? kernel_text_address+0xe8/0xf0
[  412.067516]  ? ret_from_fork+0x35/0x40
[  412.067516]  ? ret_from_fork+0x35/0x40
[  412.067517]  show_trace_log_lvl+0x218/0x3d0
[  412.067517]  ? ret_from_fork+0x35/0x40
[  412.067518]  ? ret_from_fork+0x35/0x40
[  412.067519]  show_stack+0x34/0x50
[  412.067519]  sched_show_task+0xfe/0x130
[  412.067519]  rcu_check_gp_kthread_starvation+0xad/0xc0
[  412.067520]  rcu_check_callbacks+0x6c5/0x8e0
[  412.067521]  ? tick_sched_do_timer+0x50/0x50
[  412.067521]  update_process_times+0x2d/0x70
[  412.067521]  tick_sched_handle+0x26/0x70
[  412.067522]  ? tick_sched_do_timer+0x50/0x50
[  412.067522]  tick_sched_timer+0x39/0x80
[  412.067523]  __hrtimer_run_queues+0xdf/0x230
[  412.067523]  hrtimer_interrupt+0xa0/0x1d0
[  412.067524]  smp_apic_timer_interrupt+0x6f/0x140
[  412.067524]  apic_timer_interrupt+0x90/0xa0
[  412.067525]  </IRQ>
[  412.067525] RIP: 0010:native_safe_halt+0x12/0x20
[  412.067526] RSP: 0018:ffffffff90a03e28 EFLAGS: 00010246 ORIG_RAX: ffffffffffffff11
[  412.067527] RAX: ffffffff8ffc5e80 RBX: 0000000000000000 RCX: 0000000000000000
[  412.067528] RDX: 0000000000000000 RSI: 0000000000000000 RDI: 0000000000000000
[  412.067528] RBP: ffffffff90a03e28 R08: 0000000000000002 R09: 0000000000000000
[  412.067529] R10: 0000000000000001 R11: 00000000000000a8 R12: 0000000000000000
[  412.067530] R13: 0000000000000000 R14: 0000000000000000 R15: 0000000000000000
[  412.067530]  ? __sched_text_end+0x1/0x1
[  412.067531]  default_idle+0x20/0x100
[  412.067531]  arch_cpu_idle+0x15/0x20
[  412.067532]  default_idle_call+0x23/0x30
[  412.067532]  do_idle+0x172/0x1f0
[  412.067533]  cpu_startup_entry+0x73/0x80
[  412.067533]  rest_init+0xae/0xb0
[  412.067533]  start_kernel+0x4dc/0x500
[  412.067534]  x86_64_start_reservations+0x24/0x26
[  412.067534]  x86_64_start_kernel+0x74/0x77
[  412.067535]  secondary_startup_64+0xa5/0xb0
[  412.067535] Code: 55 48 89 e5 d3 e6 01 f2 ec 0f b6 c0 5d c3 0f 1f 00 0f 1f 44 00 00 0f b6 8f a1 00 00 00 89 d0 8b 57 08 55 48 89 e5 d3 e6 01 f2 ee <5d> c3 0f 1f 40 00 0f 1f 44 00 00 0f b6 87 a2 00 00 00 55 48 c7 
[  412.067556] NMI backtrace for cpu 1
[  412.670894] CPU: 1 PID: 147 Comm: systemd-udevd Not tainted 4.15.0-132-generic #136-Ubuntu
[  412.683280] Hardware name: innotek GmbH VirtualBox/VirtualBox, BIOS VirtualBox 12/01/2006
[  412.696821] Call Trace:
[  412.700771]  <IRQ>
[  412.706087]  dump_stack+0x6d/0x8e
[  412.713679]  nmi_cpu_backtrace+0x94/0xa0
[  412.722303]  ? lapic_can_unplug_cpu+0xb0/0xb0
[  412.729107]  nmi_trigger_cpumask_backtrace+0xe7/0x130
[  412.736253]  arch_trigger_cpumask_backtrace+0x19/0x20
[  412.745546]  rcu_dump_cpu_stacks+0xa3/0xdb
[  412.754537]  rcu_check_callbacks+0x6cd/0x8e0
[  412.761060]  ? account_user_time+0x9e/0xb0
[  412.766526]  ? tick_sched_do_timer+0x50/0x50
[  412.773208]  update_process_times+0x2d/0x70
[  412.779760]  tick_sched_handle+0x26/0x70
[  412.784991]  ? tick_sched_do_timer+0x42/0x50
[  412.790903]  tick_sched_timer+0x39/0x80
[  412.799067]  __hrtimer_run_queues+0xdf/0x230
[  412.806991]  hrtimer_interrupt+0xa0/0x1d0
[  412.814978]  smp_apic_timer_interrupt+0x6f/0x140
[  412.823852]  apic_timer_interrupt+0x90/0xa0
[  412.832566]  </IRQ>
[  412.837026] RIP: 0033:0x7f88efeac14f
[  412.844799] RSP: 002b:00007ffdc2288fa8 EFLAGS: 00010246 ORIG_RAX: ffffffffffffff11
[  412.859842] RAX: 0000000000000000 RBX: 00005643d8422260 RCX: 00007f88efeac151
[  412.874252] RDX: 0000000000001000 RSI: 00005643d844cbe0 RDI: 000000000000000c
[  412.884420] RBP: 00007f88f01842a0 R08: 0000000000000077 R09: 0000000000000000
[  412.897623] R10: 00005643d8422010 R11: 0000000000000246 R12: 00005643d844cbe0
[  412.910305] R13: 0000000000001001 R14: 0000000000000d68 R15: 0000000000001001
[  412.924202] NMI backtrace for cpu 0
[  412.933777] CPU: 0 PID: 0 Comm: swapper/0 Not tainted 4.15.0-132-generic #136-Ubuntu
[  412.949445] Hardware name: innotek GmbH VirtualBox/VirtualBox, BIOS VirtualBox 12/01/2006
[  412.964750] Call Trace:
[  412.971839]  <IRQ>
[  412.979439]  dump_stack+0x6d/0x8e
[  412.987981]  nmi_cpu_backtrace+0x94/0xa0
[  412.997513]  ? lapic_can_unplug_cpu+0xb0/0xb0
[  413.010510]  nmi_trigger_cpumask_backtrace+0xe7/0x130
[  413.023570]  arch_trigger_cpumask_backtrace+0x19/0x20
[  413.035558]  rcu_dump_cpu_stacks+0xa3/0xdb
[  413.045924]  rcu_check_callbacks+0x6cd/0x8e0
[  413.053714]  ? tick_sched_do_timer+0x50/0x50
[  413.062608]  update_process_times+0x2d/0x70
[  413.071094]  tick_sched_handle+0x26/0x70
[  413.078340]  ? tick_sched_do_timer+0x50/0x50
[  413.088169]  tick_sched_timer+0x39/0x80
[  413.102757]  __hrtimer_run_queues+0xdf/0x230
[  413.116684]  hrtimer_interrupt+0xa0/0x1d0
[  413.130289]  smp_apic_timer_interrupt+0x6f/0x140
[  413.147474]  apic_timer_interrupt+0x90/0xa0
[  413.161201]  </IRQ>
[  413.167864] RIP: 0010:native_safe_halt+0x12/0x20
[  413.179575] RSP: 0018:ffffffff90a03e28 EFLAGS: 00010246 ORIG_RAX: ffffffffffffff11
[  413.196989] RAX: ffffffff8ffc5e80 RBX: 0000000000000000 RCX: 0000000000000000
[  413.216785] RDX: 0000000000000000 RSI: 0000000000000000 RDI: 0000000000000000
[  413.234465] RBP: ffffffff90a03e28 R08: 0000000000000002 R09: 0000000000000000
[  413.249155] R10: 0000000000000001 R11: 00000000000000a8 R12: 0000000000000000
[  413.264588] R13: 0000000000000000 R14: 0000000000000000 R15: 0000000000000000
[  413.284557]  ? __sched_text_end+0x1/0x1
[  413.295888]  default_idle+0x20/0x100
[  413.308201]  arch_cpu_idle+0x15/0x20
[  413.321285]  default_idle_call+0x23/0x30
[  413.335102]  do_idle+0x172/0x1f0
[  413.346548]  cpu_startup_entry+0x73/0x80
[  413.358783]  rest_init+0xae/0xb0
[  413.371832]  start_kernel+0x4dc/0x500
[  413.384671]  x86_64_start_reservations+0x24/0x26
[  413.400672]  x86_64_start_kernel+0x74/0x77
[  413.414273]  secondary_startup_64+0xa5/0xb0
[  413.428184] Sending NMI from CPU 0 to CPUs 1:
Begin: Loading essential drivers ... [  427.934290] raid6: sse2x1   gen()  5719 MB/s
[  427.998751] raid6: sse2x1   xor()  3194 MB/s
[  428.063133] raid6: sse2x2   gen()  5264 MB/s
[  428.137711] raid6: sse2x2   xor()  4526 MB/s
[  428.202178] raid6: sse2x4   gen()  7322 MB/s
[  428.266296] raid6: sse2x4   xor()  4458 MB/s
[  428.277748] raid6: using algorithm sse2x4 gen() 7322 MB/s
[  428.287728] raid6: .... xor() 4458 MB/s, rmw enabled
[  428.297565] raid6: using ssse3x2 recovery algorithm
[  428.314587] xor: measuring software checksum speed
[  428.364479]    prefetch64-sse:  7999.000 MB/sec
[  428.416502]    generic_sse: 11724.000 MB/sec
[  428.423412] xor: using function: generic_sse (11724.000 MB/sec)
[  428.442020] async_tx: api initialized (async)
done.
Begin: Running /scripts/init-premount ... done.
Begin: Mounting root file system ... Begin: Running /scripts/local-top ... done.
Begin: Running /scripts/local-premount ... [  428.620448] Btrfs loaded, crc32c=crc32c-intel
Scanning for Btrfs filesystems
done.
Warning: fsck not present, so skipping root file system
[  428.783960] EXT4-fs (sda1): mounted filesystem with ordered data mode. Opts: (null)
done.
Begin: Running /scripts/local-bottom ... done.
Begin: Running /scripts/init-bottom ... done.
[  429.391885] ip_tables: (C) 2000-2006 Netfilter Core Team
[  429.464930] systemd[1]: systemd 237 running in system mode. (+PAM +AUDIT +SELINUX +IMA +APPARMOR +SMACK +SYSVINIT +UTMP +LIBCRYPTSETUP +GCRYPT +GNUTLS +ACL +XZ +LZ4 +SECCOMP +BLKID +ELFUTILS +KMOD -IDN2 +IDN -PCRE2 default-hierarchy=hybrid)
[  429.521041] systemd[1]: Detected virtualization oracle.
[  429.536388] systemd[1]: Detected architecture x86-64.

Welcome to [1mUbuntu 18.04.5 LTS[0m!

[  429.609716] systemd[1]: Set hostname to <ubuntu>.
[  429.647240] systemd[1]: Initializing machine ID from random generator.
[  429.659759] systemd[1]: Installed transient /etc/machine-id file.
[  430.437997] systemd[1]: Reached target User and Group Name Lookups.
[[0;32m  OK  [0m] Reached target User and Group Name Lookups.
[  430.462794] systemd[1]: Reached target Swap.
[[0;32m  OK  [0m] Reached target Swap.
[  430.475827] systemd[1]: Set up automount Arbitrary Executable File Formats File System Automount Point.
[[0;32m  OK  [0m] Set up automount Arbitrary Executab…rmats File System Automount Point.
[  430.503227] systemd[1]: Started Forward Password Requests to Wall Directory Watch.
[[0;32m  OK  [0m] Started Forward Password Requests to Wall Directory Watch.
[[0;32m  OK  [0m] Created slice System Slice.
[[0;32m  OK  [0m] Listening on Device-mapper event daemon FIFOs.
[[0;32m  OK  [0m] Listening on /dev/initctl Compatibility Named Pipe.
[[0;32m  OK  [0m] Listening on Journal Socket (/dev/log).
[[0;32m  OK  [0m] Listening on LVM2 metadata daemon socket.
[[0;32m  OK  [0m] Listening on Journal Socket.
         Starting Set the console keyboard layout...
         Mounting Huge Pages File System...
         Starting Remount Root and Kernel File Systems...
         Starting Monitoring of LVM2 mirrors…ng dmeventd or progress polling...
         Mounting POSIX Message Queue File System...
         Starting Uncomplicated firewall...
[  430.713144] EXT4-fs (sda1): re-mounted. Opts: (null)
[[0;32m  OK  [0m] Listening on udev Control Socket.
[[0;32m  OK  [0m] Created slice system-serial\x2dgetty.slice.
[[0;32m  OK  [0m] Listening on Syslog Socket.
[[0;32m  OK  [0m] Created slice User and Session Slice.
[[0;32m  OK  [0m] Reached target Slices.
[[0;32m  OK  [0m] Listening on Journal Audit Socket.
         Starting Load Kernel Modules...
[[0;32m  OK  [0m] Reached target System Time Synchronized.
[[0;32m  OK  [0m] Listening on Network Service Netlink Socket.
         Starting Journal Service...
         Mounting Kernel Debug File System...
[[0;32m  OK  [0m[  430.887258] Loading iSCSI transport class v2.0-870.
] Listening on LVM2 poll daemon socket.
         Starting Create list of required st…ce nodes for the current kernel...
[[0;32m  OK  [0m] Listening on udev Kernel Socket.
         Starting udev Coldplug all Devices...
[[0;32m  OK  [0m] Mounted Huge Pages File System.
[[0;32m  OK  [0m] Started Remount Root and Kernel File Systems.
[[0;32m  OK  [0m] Mounted POSIX Message Queue File System.
[[0;32m  OK  [0m] Started Uncomplicated firewall.
[[0;32m  OK  [0m] Mounted Kernel Debug File System.
[[0;32m  OK  [0m] Started LVM2 metadata daemon.
         Starting Load/Save Random Seed...
[[0;32m  OK  [0m] Started Create list of required sta…vice nodes for the current kernel.
[  431.058119] iscsi: registered transport (tcp)
         Starting Create Static Device Nodes in /dev...
[[0;32m  OK  [0m] Started udev Coldplug all Devices.
[[0;32m  OK  [0m] Started Load/Save Random Seed.
[[0;32m  OK  [0m] Started Set the console keyboard layout.
[[0;32m  OK  [0m] Started Create Static Device Nodes in /dev.
         Starting udev Kernel Device Manager...
[  431.396953] random: crng init done
[  431.406806] random: 7 urandom warning(s) missed due to ratelimiting
[[0;32m  OK  [0m] Started Monitoring of LVM2 mirrors,…sing dmeventd or progress polling.
[[0;32m  OK  [0m] Reached target Local File Systems (Pre).
[[0;32m  OK  [0m] Reached target Local File Systems.
         Starting Tell Plymouth To Write Out Runtime Data...
         Starting ebtables ruleset management...
         Starting Set console font and keymap...
         Starting AppArmor initialization...
         Starting Commit a transient machine-id on disk...
[[0;32m  OK  [0m] Started udev Kernel Device Manager.
[[0;32m  OK  [0m] Started Dispatch Password Requests to Console Directory Watch.
[[0;32m  OK  [0m] Reached target Local Encrypted Volumes.
[[0;32m  OK  [0m] Started Tell Plymouth To Write Out Runtime Data.
[[0;32m  OK  [0m] Started Set console font and keymap.
[[0;32m  OK  [0m] Started Journal Service.
[[0;32m  OK  [0m] Started Commit a transient machine-id on disk.
[  431.821303] iscsi: registered transport (iser)
         Starting Flush Journal to Persistent Storage...
[[0;32m  OK  [0m] Started Load Kernel Modules.
[  431.931704] systemd-journald[395]: Received request to flush runtime journal from PID 1
         Mounting Kernel Configuration File System...
         Starting Apply Kernel Variables...
         Mounting FUSE Control File System...
[[0;32m  OK  [0m] Started ebtables ruleset management.
[[0;32m  OK  [0m] Mounted Kernel Configuration File System.
[[0;32m  OK  [0m] Mounted FUSE Control File System.
[[0;32m  OK  [0m] Started Apply Kernel Variables.
[[0;32m  OK  [0m] Started Flush Journal to Persistent Storage.
         Starting Create Volatile Files and Directories...
[[0;32m  OK  [0m] Started Create Volatile Files and Directories.
         Starting Update UTMP about System Boot/Shutdown...
[[0;32m  OK  [0m] Started Update UTMP about System Boot/Shutdown.
[[0;32m  OK  [0m] Found device /dev/ttyS0.
[[0;32m  OK  [0m] Listening on Load/Save RF Kill Switch Status /dev/rfkill Watch.
[[0;32m  OK  [0m] Started AppArmor initialization.
         Starting Initial cloud-init job (pre-networking)...
         Starting Load AppArmor profiles managed internally by snapd...
[[0;32m  OK  [0m] Started Load AppArmor profiles managed internally by snapd.
[  440.442279] cloud-init[541]: Cloud-init v. 20.4.1-0ubuntu1~18.04.1 running 'init-local' at Fri, 22 Jan 2021 09:52:47 +0000. Up 439.07 seconds.
[[0;32m  OK  [0m] Started Initial cloud-init job (pre-networking).
[[0;32m  OK  [0m] Reached target Network (Pre).
         Starting Network Service...
[[0;32m  OK  [0m] Started Network Service.
         Starting Network Name Resolution...
         Starting Wait for Network to be Configured...
[[0;32m  OK  [0m] Started Network Name Resolution.
[[0;32m  OK  [0m] Reached target Network.
[[0;32m  OK  [0m] Reached target Host and Network Name Lookups.
[[0;32m  OK  [0m] Started Wait for Network to be Configured.
         Starting Initial cloud-init job (metadata service crawler)...
[  443.595376] cloud-init[631]: Cloud-init v. 20.4.1-0ubuntu1~18.04.1 running 'init' at Fri, 22 Jan 2021 09:52:51 +0000. Up 443.25 seconds.
[  443.605616] cloud-init[631]: ci-info: ++++++++++++++++++++++++++++++++++++++Net device info+++++++++++++++++++++++++++++++++++++++
[  443.614142] cloud-init[631]: ci-info: +--------+-------+----------------------------+---------------+--------+-------------------+
[  443.621937] cloud-init[631]: ci-info: | Device |   Up  |          Address           |      Mask     | Scope  |     Hw-Address    |
[  443.630363] cloud-init[631]: ci-info: +--------+-------+----------------------------+---------------+--------+-------------------+
[  443.638889] cloud-init[631]: ci-info: | enp0s3 |  True |         10.0.2.15          | 255.255.255.0 | global | 02:1d:a1:81:8c:fd |
[  443.647666] cloud-init[631]: ci-info: | enp0s3 |  True | fe80::1d:a1ff:fe81:8cfd/64 |       .       |  link  | 02:1d:a1:81:8c:fd |
[  443.657371] cloud-init[631]: ci-info: | enp0s8 | False |             .              |       .       |   .    | 08:00:27:15:9c:a2 |
[  443.665018] cloud-init[631]: ci-info: |   lo   |  True |         127.0.0.1          |   255.0.0.0   |  host  |         .         |
[  443.673094] cloud-init[631]: ci-info: |   lo   |  True |          ::1/128           |       .       |  host  |         .         |
[  443.681017] cloud-init[631]: ci-info: +--------+-------+----------------------------+---------------+--------+-------------------+
[  443.690298] cloud-init[631]: ci-info: ++++++++++++++++++++++++++++Route IPv4 info+++++++++++++++++++++++++++++
[  443.696769] cloud-init[631]: ci-info: +-------+-------------+----------+-----------------+-----------+-------+
[  443.703848] cloud-init[631]: ci-info: | Route | Destination | Gateway  |     Genmask     | Interface | Flags |
[  443.710639] cloud-init[631]: ci-info: +-------+-------------+----------+-----------------+-----------+-------+
[  443.716825] cloud-init[631]: ci-info: |   0   |   0.0.0.0   | 10.0.2.2 |     0.0.0.0     |   enp0s3  |   UG  |
[  443.723485] cloud-init[631]: ci-info: |   1   |   10.0.2.0  | 0.0.0.0  |  255.255.255.0  |   enp0s3  |   U   |
[  443.730337] cloud-init[631]: ci-info: |   2   |   10.0.2.2  | 0.0.0.0  | 255.255.255.255 |   enp0s3  |   UH  |
[  443.738548] cloud-init[631]: ci-info: +-------+-------------+----------+-----------------+-----------+-------+
[  443.746617] cloud-init[631]: ci-info: +++++++++++++++++++Route IPv6 info+++++++++++++++++++
[  443.754152] cloud-init[631]: ci-info: +-------+-------------+---------+-----------+-------+
[  443.760468] cloud-init[631]: ci-info: | Route | Destination | Gateway | Interface | Flags |
[  443.766203] cloud-init[631]: ci-info: +-------+-------------+---------+-----------+-------+
[  443.773664] cloud-init[631]: ci-info: |   1   |  fe80::/64  |    ::   |   enp0s3  |   U   |
[  443.779222] cloud-init[631]: ci-info: |   3   |    local    |    ::   |   enp0s3  |   U   |
[  443.784012] cloud-init[631]: ci-info: |   4   |   ff00::/8  |    ::   |   enp0s3  |   U   |
[  443.789654] cloud-init[631]: ci-info: +-------+-------------+---------+-----------+-------+
[  445.393512] cloud-init[631]: Generating public/private rsa key pair.
[  445.401010] cloud-init[631]: Your identification has been saved in /etc/ssh/ssh_host_rsa_key.
[  445.410357] cloud-init[631]: Your public key has been saved in /etc/ssh/ssh_host_rsa_key.pub.
[  445.418475] cloud-init[631]: The key fingerprint is:
[  445.426393] cloud-init[631]: SHA256:Y4hG5DycXCyaxQ+mSDbDdaUgIlI2z6zW0mCUn4EWwsM root@ubuntu-bionic
[  445.436020] cloud-init[631]: The key's randomart image is:
[  445.444837] cloud-init[631]: +---[RSA 2048]----+
[  445.452730] cloud-init[631]: |OoBB.oo.         |
[  445.460608] cloud-init[631]: |+E=@Xoo          |
[  445.467655] cloud-init[631]: |oo*B%B           |
[  445.475360] cloud-init[631]: |..+*oo..         |
[[0;32m  OK  [0m] Started Initial cloud-init job (metadata service crawler).
[  445.483544] [[0;32m  OK  [0m] Reached target System Initialization.
[[0;32m  OK  [0m] Started Discard unused blocks once a week.
cloud-init[631]: |  + = . S        |
[  445.498935] cloud-init[631]: | . o   . .       |
[  445.507423] cloud-init[631]: |                 |
         Starting LXD - unix socket.
[[0;32m  OK  [0m] Listening on Open-iSCSI iscsid Socket.
[  445.517555] [[0;32m  OK  [0m] Started ACPI Events Check.
[[0;32m  OK  [0m] Reached target Paths.
cloud-init[631]: [[0;32m  OK  [0m] Started Daily apt download activities.
         Starting Socket activation for snappy daemon.
|                 |
[[0;32m  OK  [0m] Started Message of the Day.
[[0;32m  OK  [0m] Started Daily apt upgrade and clean activities.
[[0;32m  OK  [0m] Started Daily Cleanup of Temporary Directories.
[[0;32m  OK  [0m] Listening on D-Bus System Message Bus Socket.
[[0;32m  OK  [0m] Listening on UUID daemon activation socket.
[[0;32m  OK  [0m] Reached target Timers.
[[0;32m  OK  [0m] Listening on ACPID Listen Socket.
[[0;32m  OK  [0m] Reached target Cloud-config availability.
[[0;32m  OK  [0m] Reached target Network is Online.
         Starting Availability of block devices...
[[0;32m  OK  [0m] Reached target Remote File Systems (Pre).
[[0;32m  OK  [0m] Reached target Remote File Systems.
[[0;32m  OK  [0m] Listening on LXD - unix socket.
[[0;32m  OK  [0m] Listening on Socket activation for snappy daemon.
[[0;32m  OK  [0m] Reached target Sockets.
[[0;32m  OK  [0m] Reached target Basic System.
[[0;32m  OK  [0m] Started Regular background program processing daemon.
[[0;32m  OK  [0m] Started FUSE filesystem for LXC.
         Starting Virtualbox guest utils...
[[0;32m  OK  [0m] Started irqbalance daemon.
         Starting System Logging Service...
[  445.596166] cloud-init[631]: |                 |         Starting Login Service...
         Starting Permit User Sessions...
         Starting LSB: Record successful boot for GRUB...
[[0;32m  OK  [0m] Started Deferred execution scheduler.

[  445.641410] cloud-init[631]: +----[SHA256]-----+
[  445.665645] cloud-init         Starting Pollinate to seed the pseudo random number generator...
         Starting Accounts Service...
[631]: Generating public/private dsa key pair.[[0;32m  OK  [0m] Started D-Bus System Message Bus.

[  445.701243] cloud-init[631]: Your identification has been saved in /etc/ssh/ssh_host_dsa_key.
[  445.712025] cloud-init[631]: Your public key has been saved in /etc/ssh/ssh_host_dsa_key.pub.
[  445.728570] cloud-init[631]: The key fingerprint is:
[  445.742937] cloud-init[631]: SHA256:26kNA6Aa5Z5kqxQsz2FTT/00xKqibtOx7p6wk3lqFD0 root@ubuntu-bionic
[  445.754864] cloud-init[631]: The key's randomart image is:
[  445.762815] cloud-init[631]: +---[DSA 1024]----+
[  445.770706] cloud-init[631]: |         ..      |
[  445.782843] cloud-init[631]: |       . ..      |
[  445.794208] cloud-init[631]: |  ..o . ..o      |
[  445.809232] cloud-init[631]: |.o.oE+  .o .     |
[  445.820756] cloud-init[631]: |ooO. .o.S .      |
[  445.829282] cloud-init[631]: |.Xo=o .. o .     |
[  445.837287] cloud-init[631]: |.oB= +  + o      |
[  445.847913] cloud-init[631]: |..Oo+.   =       |
[  445.856699] cloud-init[631]: |.++O=   . .      |
[  445.867080] cloud-init[631]: +----[SHA256]-----+
[  445.876585] cloud-init[631]: Generating public/private ecdsa key pair.
[  445.887908] cloud-init[631]: Your identification has been saved in /etc/ssh/ssh_host_ecdsa_key.
[  445.936482] cloud-init[631]: Your public key has been saved in /etc/ssh/ssh_host_ecdsa_key.pub.
[  445.969739] cloud-init[631]: The key fingerprint is:
[  445.989401] cloud-init[631]: SHA256:Kqgjkl/6yFpCVnE77/iLeCU+eeD0j80ooTxSHuzkVMY root@ubuntu-bionic
[  446.014222] cloud-init[631]: The key's randomart image is:
[  446.041839] cloud-init[[0;32m  OK  [0m] Started Login Service.
[[0;32m  OK  [0m] Started Unattended Upgrades Shutdown.
         Starting Snap Daemon...
[631]:          Starting Dispatcher daemon for systemd-networkd...
         Starting LSB: automatic crash report generation...
+---[ECDSA 256]---+
         Starting LXD - container startup/shutdown...
[  446.116691] cloud-init[[0;32m  OK  [0m] Started System Logging Service.
[631]: |   . .           |[[0;32m  OK  [0m] Started Availability of block devices.
[[0;32m  OK  [0m] Started Permit User Sessions.

[  446.160197] cloud-init[631]: |    o .          |
         Starting Hold until boot process finishes up...
         Starting Terminate Plymouth Boot Screen...
[  446.215615] cloud-init[631]: |   ..o           |
[  446.233894] cloud-init[631]: |  .  Eo          |
[  446.279879] cloud-init[631]: [[0;32m  OK  [0m] Started Hold until boot process finishes up.
| o. o  .S        |[[0;32m  OK  [0m] Started Terminate Plymouth Boot Screen.
[[0;32m  OK  [0m] Started Serial Getty on ttyS0.
         Starting Set console scheme...

         Starting Authorization Manager...
[  446.347054] cloud-init[631]: |o  B =oo         |
[  446.367160] cloud-init[631]: |..@ O.O.         |
[  446.391618] cloud-init[631]: |=* @.Ooo=        |
[  446.486837] cloud-init[[0;32m  OK  [0m] Started Set console scheme.
[[0;32m  OK  [0m] Created slice system-getty.slice.
[[0;32m  OK  [0m] Started Getty on tty1.
[[0;32m  OK  [0m] Reached target Login Prompts.
[631]: |=+*o+.+=o+       |
[  446.530873] cloud-init[631]: +----[SHA256]-----+
[  446.547004] cloud-init[631]: Generating public/private ed25519 key pair.[[0;32m  OK  [0m] Started LSB: Record successful boot for GRUB.

[  446.569883] cloud-init[631]: Your identification has been saved in /etc/ssh/ssh_host_ed25519_key.
[  446.585272] cloud-init[631]: Your public key has been saved in /etc/ssh/ssh_host_ed25519_key.pub.
[  446.600141] cloud-init[631]: The key fingerprint is:
[  446.628092] cloud-init[631]: SHA256:Xss9OBpJbXry4mSvRArWNErsga9M0ILAmYMnnYsRXG8 root@ubuntu-bionic[[0;32m  OK  [0m] Started LSB: automatic crash report generation.

[  446.695807] cloud-init[631]: The key's randomart image is:[[0;32m  OK  [0m] Started Authorization Manager.

[[0;32m  OK  [0m] Started Accounts Service.
[  446.770856] cloud-init[631]: +--[ED25519 256]--+
[  446.830109] cloud-init[631]: |*o+o             |
[  446.875823] cloud-init[631]: |*B+o.            |
[  446.893727] cloud-init[631]: |+=+.+Eo          |
[  446.927603] cloud-init[631]: |.o.+.= . .       |
[  446.959630] cloud-init[631]: |  . * . S +      |
[  446.998520] cloud-init[631]: | o o . = * +     |
[  447.093854] cloud-init[631]: |  o   . X * o    |
[  447.124626] cloud-init[631]: |       +.B . .   |
[  447.207450] cloud-init[631]: |       .+oo      |
[  447.258806] cloud-init[631]: +----[SHA256]-----+
[[0;32m  OK  [0m] Started Virtualbox guest utils.
[[0;32m  OK  [0m] Started LXD - container startup/shutdown.
[[0;32m  OK  [0m] Started Dispatcher daemon for systemd-networkd.
[[0;32m  OK  [0m] Started Snap Daemon.
         Starting Wait until snapd is fully seeded...
[[0;32m  OK  [0m] Started Pollinate to seed the pseudo random number generator.
         Starting OpenBSD Secure Shell server...
[[0;32m  OK  [0m] Started OpenBSD Secure Shell server.

Ubuntu 18.04.5 LTS ubuntu-bionic ttyS0

ubuntu-bionic login: [  456.779815] cloud-init[1004]: Cloud-init v. 20.4.1-0ubuntu1~18.04.1 running 'modules:config' at Fri, 22 Jan 2021 09:53:03 +0000. Up 455.14 seconds.
ci-info: no authorized SSH keys fingerprints found for user ubuntu.
<14>Jan 22 09:53:07 ec2: 
<14>Jan 22 09:53:07 ec2: #############################################################
<14>Jan 22 09:53:07 ec2: -----BEGIN SSH HOST KEY FINGERPRINTS-----
<14>Jan 22 09:53:07 ec2: 1024 SHA256:26kNA6Aa5Z5kqxQsz2FTT/00xKqibtOx7p6wk3lqFD0 root@ubuntu-bionic (DSA)
<14>Jan 22 09:53:07 ec2: 256 SHA256:Kqgjkl/6yFpCVnE77/iLeCU+eeD0j80ooTxSHuzkVMY root@ubuntu-bionic (ECDSA)
<14>Jan 22 09:53:07 ec2: 256 SHA256:Xss9OBpJbXry4mSvRArWNErsga9M0ILAmYMnnYsRXG8 root@ubuntu-bionic (ED25519)
<14>Jan 22 09:53:07 ec2: 2048 SHA256:Y4hG5DycXCyaxQ+mSDbDdaUgIlI2z6zW0mCUn4EWwsM root@ubuntu-bionic (RSA)
<14>Jan 22 09:53:07 ec2: -----END SSH HOST KEY FINGERPRINTS-----
<14>Jan 22 09:53:07 ec2: #############################################################
-----BEGIN SSH HOST KEY KEYS-----
ecdsa-sha2-nistp256 AAAAE2VjZHNhLXNoYTItbmlzdHAyNTYAAAAIbmlzdHAyNTYAAABBBK1b0mLdon48Y/qtQvCbdiISf2IChrsKzmqmYtitm2Dry8sYV8cWRN6H8ev2bSyHLkw9YfnnbL+7qpjMcLn6PCE= root@ubuntu-bionic
ssh-ed25519 AAAAC3NzaC1lZDI1NTE5AAAAIK5yrN6uEY/W7UOCJZFAeQwII6ywoBCdK2DMcQanGbfF root@ubuntu-bionic
ssh-rsa AAAAB3NzaC1yc2EAAAADAQABAAABAQDXVW8/N6yj6mBCQAenWVkMl/e93weFYZkbVOqXv/D+/ZtqMVXzhGN3W1Ua1IllC47L/a5gJlFw9x2YGSH1qzkKURfOx+tTDtBT3+UiSJaHXjtH4zzV8f8CPZicCtApuylwzeToA7lA45to4Z2cmKE0NIqeeGQcxZ2ALOOcN/yUp9HiS4DatQ9i1KQsdWqXyhkYnjV/MtVReaX6yZghEAejZvJ3xgAsFr0pu/dDI/sfhRNcJC8RMKNEDmGaEktzEFZuhbVqT8+tXVCd7kdfb4CL12gSUqkpoIWZENLSOaKg76ggd0/KruGs1EUNf1vZPRDpXCCFY1NMvLIC9+muizTb root@ubuntu-bionic
-----END SSH HOST KEY KEYS-----
[  458.940076] cloud-init[1047]: Cloud-init v. 20.4.1-0ubuntu1~18.04.1 running 'modules:final' at Fri, 22 Jan 2021 09:53:06 +0000. Up 458.37 seconds.
[  458.941043] cloud-init[1047]: ci-info: no authorized SSH keys fingerprints found for user ubuntu.
[  458.942099] cloud-init[1047]: Cloud-init v. 20.4.1-0ubuntu1~18.04.1 finished at Fri, 22 Jan 2021 09:53:07 +0000. Datasource DataSourceNoCloud [seed=/dev/sdb][dsmode=net].  Up 458.92 seconds
